0::INFO::2019-04-26 11:38:48.295766::服务器启动：http://localhost:8080

1::WARNING::2019-04-26 11:39:38.945629::请求消息发生异常
::Invalid argument(s): Warning happen
::#0      main.<anonymous closure> (file:///Users/yingjian/Desktop/Dart/Server/bin/main.dart:25:9)
#1      VirtualDirectory._serveErrorPage (package:http_server/src/virtual_directory.dart:368:7)
#2      VirtualDirectory.serveRequest.<anonymous closure> (package:http_server/src/virtual_directory.dart:101:9)
#3      _RootZone.runUnary (dart:async/zone.dart:1379:54)
#4      _FutureListener.handleValue (dart:async/future_impl.dart:126:18)
#5      Future._propagateToListeners.handleValueCallback (dart:async/future_impl.dart:639:45)
#6      Future._propagateToListeners (dart:async/future_impl.dart:668:32)
#7      Future._completeWithValue (dart:async/future_impl.dart:483:5)
#8      Future._asyncComplete.<anonymous closure> (dart:async/future_impl.dart:513:7)
#9      _microtaskLoop (dart:async/schedule_microtask.dart:41:21)
#10     _startMicrotaskLoop (dart:async/schedule_microtask.dart:50:5)
#11     _runPendingImmediateCallback (dart:isolate-patch/isolate_patch.dart:115:13)
#12     _RawReceivePortImpl._handleMessage (dart:isolate-patch/isolate_patch.dart:172:5)


0::INFO::2019-04-26 15:55:47.583635::服务器启动：http://localhost:8080

1::WARNING::2019-04-26 15:56:23.826112::请求消息发生异常
::Invalid argument(s): Warning happen
::#0      main.<anonymous closure> (file:///Users/yingjian/Desktop/Dart/Server/bin/main.dart:26:9)
#1      VirtualDirectory._serveErrorPage (package:http_server/src/virtual_directory.dart:368:7)
#2      VirtualDirectory.serveRequest.<anonymous closure> (package:http_server/src/virtual_directory.dart:101:9)
#3      _RootZone.runUnary (dart:async/zone.dart:1379:54)
#4      _FutureListener.handleValue (dart:async/future_impl.dart:126:18)
#5      Future._propagateToListeners.handleValueCallback (dart:async/future_impl.dart:639:45)
#6      Future._propagateToListeners (dart:async/future_impl.dart:668:32)
#7      Future._completeWithValue (dart:async/future_impl.dart:483:5)
#8      Future._asyncComplete.<anonymous closure> (dart:async/future_impl.dart:513:7)
#9      _microtaskLoop (dart:async/schedule_microtask.dart:41:21)
#10     _startMicrotaskLoop (dart:async/schedule_microtask.dart:50:5)
#11     _runPendingImmediateCallback (dart:isolate-patch/isolate_patch.dart:115:13)
#12     _RawReceivePortImpl._handleMessage (dart:isolate-patch/isolate_patch.dart:172:5)


2::WARNING::2019-04-26 15:56:23.875861::请求消息发生异常
::Invalid argument(s): Warning happen
::#0      main.<anonymous closure> (file:///Users/yingjian/Desktop/Dart/Server/bin/main.dart:26:9)
#1      VirtualDirectory._serveErrorPage (package:http_server/src/virtual_directory.dart:368:7)
#2      VirtualDirectory.serveRequest.<anonymous closure> (package:http_server/src/virtual_directory.dart:101:9)
#3      _RootZone.runUnary (dart:async/zone.dart:1379:54)
#4      _FutureListener.handleValue (dart:async/future_impl.dart:126:18)
#5      Future._propagateToListeners.handleValueCallback (dart:async/future_impl.dart:639:45)
#6      Future._propagateToListeners (dart:async/future_impl.dart:668:32)
#7      Future._completeWithValue (dart:async/future_impl.dart:483:5)
#8      Future._asyncComplete.<anonymous closure> (dart:async/future_impl.dart:513:7)
#9      _microtaskLoop (dart:async/schedule_microtask.dart:41:21)
#10     _startMicrotaskLoop (dart:async/schedule_microtask.dart:50:5)
#11     _runPendingImmediateCallback (dart:isolate-patch/isolate_patch.dart:115:13)
#12     _RawReceivePortImpl._handleMessage (dart:isolate-patch/isolate_patch.dart:172:5)


3::WARNING::2019-04-26 15:56:46.189010::请求消息发生异常
::Invalid argument(s): Warning happen
::#0      main.<anonymous closure> (file:///Users/yingjian/Desktop/Dart/Server/bin/main.dart:26:9)
#1      VirtualDirectory._serveErrorPage (package:http_server/src/virtual_directory.dart:368:7)
#2      VirtualDirectory.serveRequest.<anonymous closure> (package:http_server/src/virtual_directory.dart:101:9)
#3      _RootZone.runUnary (dart:async/zone.dart:1379:54)
#4      _FutureListener.handleValue (dart:async/future_impl.dart:126:18)
#5      Future._propagateToListeners.handleValueCallback (dart:async/future_impl.dart:639:45)
#6      Future._propagateToListeners (dart:async/future_impl.dart:668:32)
#7      Future._completeWithValue (dart:async/future_impl.dart:483:5)
#8      Future._asyncComplete.<anonymous closure> (dart:async/future_impl.dart:513:7)
#9      _microtaskLoop (dart:async/schedule_microtask.dart:41:21)
#10     _startMicrotaskLoop (dart:async/schedule_microtask.dart:50:5)
#11     _runPendingImmediateCallback (dart:isolate-patch/isolate_patch.dart:115:13)
#12     _RawReceivePortImpl._handleMessage (dart:isolate-patch/isolate_patch.dart:172:5)


4::WARNING::2019-04-26 15:56:47.796653::请求消息发生异常
::Invalid argument(s): Warning happen
::#0      main.<anonymous closure> (file:///Users/yingjian/Desktop/Dart/Server/bin/main.dart:26:9)
#1      VirtualDirectory._serveErrorPage (package:http_server/src/virtual_directory.dart:368:7)
#2      VirtualDirectory.serveRequest.<anonymous closure> (package:http_server/src/virtual_directory.dart:101:9)
#3      _RootZone.runUnary (dart:async/zone.dart:1379:54)
#4      _FutureListener.handleValue (dart:async/future_impl.dart:126:18)
#5      Future._propagateToListeners.handleValueCallback (dart:async/future_impl.dart:639:45)
#6      Future._propagateToListeners (dart:async/future_impl.dart:668:32)
#7      Future._completeWithValue (dart:async/future_impl.dart:483:5)
#8      Future._asyncComplete.<anonymous closure> (dart:async/future_impl.dart:513:7)
#9      _microtaskLoop (dart:async/schedule_microtask.dart:41:21)
#10     _startMicrotaskLoop (dart:async/schedule_microtask.dart:50:5)
#11     _runPendingImmediateCallback (dart:isolate-patch/isolate_patch.dart:115:13)
#12     _RawReceivePortImpl._handleMessage (dart:isolate-patch/isolate_patch.dart:172:5)


5::WARNING::2019-04-26 15:56:47.810869::请求消息发生异常
::Invalid argument(s): Warning happen
::#0      main.<anonymous closure> (file:///Users/yingjian/Desktop/Dart/Server/bin/main.dart:26:9)
#1      VirtualDirectory._serveErrorPage (package:http_server/src/virtual_directory.dart:368:7)
#2      VirtualDirectory.serveRequest.<anonymous closure> (package:http_server/src/virtual_directory.dart:101:9)
#3      _RootZone.runUnary (dart:async/zone.dart:1379:54)
#4      _FutureListener.handleValue (dart:async/future_impl.dart:126:18)
#5      Future._propagateToListeners.handleValueCallback (dart:async/future_impl.dart:639:45)
#6      Future._propagateToListeners (dart:async/future_impl.dart:668:32)
#7      Future._completeWithValue (dart:async/future_impl.dart:483:5)
#8      Future._asyncComplete.<anonymous closure> (dart:async/future_impl.dart:513:7)
#9      _microtaskLoop (dart:async/schedule_microtask.dart:41:21)
#10     _startMicrotaskLoop (dart:async/schedule_microtask.dart:50:5)
#11     _runPendingImmediateCallback (dart:isolate-patch/isolate_patch.dart:115:13)
#12     _RawReceivePortImpl._handleMessage (dart:isolate-patch/isolate_patch.dart:172:5)


0::INFO::2019-04-26 16:05:09.970142::服务器启动：http://localhost:8080

0::INFO::2019-04-26 17:01:39.274524::服务器启动：http://localhost:8080